0 info it worked if it ends with ok
1 verbose cli [ 'E:\\Development\\nodejs\\node.exe',
1 verbose cli   'E:\\Development\\nodejs\\node_modules\\npm\\bin\\npm-cli.js',
1 verbose cli   'run',
1 verbose cli   'dev' ]
2 info using npm@3.10.10
3 info using node@v6.9.4
4 verbose run-script [ 'predev', 'dev', 'postdev' ]
5 info lifecycle vs-analysis-frontend@1.0.0~predev: vs-analysis-frontend@1.0.0
6 silly lifecycle vs-analysis-frontend@1.0.0~predev: no script for predev, continuing
7 info lifecycle vs-analysis-frontend@1.0.0~dev: vs-analysis-frontend@1.0.0
8 verbose lifecycle vs-analysis-frontend@1.0.0~dev: unsafe-perm in lifecycle true
9 verbose lifecycle vs-analysis-frontend@1.0.0~dev: PATH: E:\Development\nodejs\node_modules\npm\bin\node-gyp-bin;G:\vis2017\sv-analysis-frontend\node_modules\.bin;G:\Development\cmder\bin;G:\Development\cmder\vendor\conemu-maximus5\ConEmu\Scripts;G:\Development\cmder\vendor\conemu-maximus5;G:\Development\cmder\vendor\conemu-maximus5\ConEmu;E:\Development\Python35\Scripts\;E:\Development\Python35\;C:\Program Files (x86)\Intel\iCLS Client\;C:\Program Files\Intel\iCLS Client\;C:\ProgramData\Oracle\Java\javapath;C:\Windows\system32;C:\Windows;C:\Windows\System32\Wbem;C:\Windows\System32\WindowsPowerShell\v1.0\;C:\Program Files\Microsoft SQL Server\120\Tools\Binn\;C:\Program Files\Microsoft SQL Server\130\Tools\Binn\;C:\Windows\system32\config\systemprofile\.dnx\bin;C:\Program Files\Microsoft DNX\Dnvm\;C:\Program Files (x86)\Windows Kits\8.1\Windows Performance Toolkit\;C:\Program Files (x86)\Intel\Intel(R) Management Engine Components\DAL;C:\Program Files\Intel\Intel(R) Management Engine Components\DAL;C:\Program Files (x86)\Intel\Intel(R) Management Engine Components\IPT;C:\Program Files\Intel\Intel(R) Management Engine Components\IPT;C:\Program Files\Git\cmd;E:\Development\nodejs\;C:\Users\qshen\AppData\Local\Microsoft\WindowsApps;E:\Development\MongoDB\Server\3.4\bin;C:\Users\qshen\AppData\Roaming\npm;C:\Users\qshen\AppData\Local\atom\bin;C:\Program Files\Git\usr\bin;C:\Program Files\Git\usr\share\vim\vim74;G:\Development\cmder\
10 verbose lifecycle vs-analysis-frontend@1.0.0~dev: CWD: G:\vis2017\sv-analysis-frontend
11 silly lifecycle vs-analysis-frontend@1.0.0~dev: Args: [ '/d /s /c', 'node build/dev-server.js' ]
12 silly lifecycle vs-analysis-frontend@1.0.0~dev: Returned: code: 3221225786  signal: null
13 info lifecycle vs-analysis-frontend@1.0.0~dev: Failed to exec dev script
14 verbose stack Error: vs-analysis-frontend@1.0.0 dev: `node build/dev-server.js`
14 verbose stack Exit status 3221225786
14 verbose stack     at EventEmitter.<anonymous> (E:\Development\nodejs\node_modules\npm\lib\utils\lifecycle.js:255:16)
14 verbose stack     at emitTwo (events.js:106:13)
14 verbose stack     at EventEmitter.emit (events.js:191:7)
14 verbose stack     at ChildProcess.<anonymous> (E:\Development\nodejs\node_modules\npm\lib\utils\spawn.js:40:14)
14 verbose stack     at emitTwo (events.js:106:13)
14 verbose stack     at ChildProcess.emit (events.js:191:7)
14 verbose stack     at maybeClose (internal/child_process.js:877:16)
14 verbose stack     at Process.ChildProcess._handle.onexit (internal/child_process.js:226:5)
15 verbose pkgid vs-analysis-frontend@1.0.0
16 verbose cwd G:\vis2017\sv-analysis-frontend
17 error Windows_NT 10.0.14393
18 error argv "E:\\Development\\nodejs\\node.exe" "E:\\Development\\nodejs\\node_modules\\npm\\bin\\npm-cli.js" "run" "dev"
19 error node v6.9.4
20 error npm  v3.10.10
21 error code ELIFECYCLE
22 error vs-analysis-frontend@1.0.0 dev: `node build/dev-server.js`
22 error Exit status 3221225786
23 error Failed at the vs-analysis-frontend@1.0.0 dev script 'node build/dev-server.js'.
23 error Make sure you have the latest version of node.js and npm installed.
23 error If you do, this is most likely a problem with the vs-analysis-frontend package,
23 error not with npm itself.
23 error Tell the author that this fails on your system:
23 error     node build/dev-server.js
23 error You can get information on how to open an issue for this project with:
23 error     npm bugs vs-analysis-frontend
23 error Or if that isn't available, you can get their info via:
23 error     npm owner ls vs-analysis-frontend
23 error There is likely additional logging output above.
24 verbose exit [ 1, true ]
